[19-Aug-2019 17:18:00 UTC] PHP Parse error:  syntax error, unexpected '%', expecting identifier (T_STRING) in phar:///usr/local/bin/wp/vendor/rmccue/requests/library/Requests.php on line 47
[19-Aug-2019 17:18:00 UTC] PHP Parse error:  syntax error, unexpected '%', expecting identifier (T_STRING) in phar:///usr/local/bin/wp/vendor/rmccue/requests/library/Requests.php on line 47
[19-Aug-2019 17:41:11 UTC] PHP Warning:  call_user_func_array() expects parameter 1 to be a valid callback, function 'bkf_config' not found or invalid function name in /app/public/wp-includes/class-wp-hook.php on line 286
[19-Aug-2019 17:41:30 UTC] PHP Warning:  call_user_func_array() expects parameter 1 to be a valid callback, function 'bkf_config' not found or invalid function name in /app/public/wp-includes/class-wp-hook.php on line 286
[19-Aug-2019 17:41:30 UTC] PHP Warning:  call_user_func_array() expects parameter 1 to be a valid callback, function 'bkf_config' not found or invalid function name in /app/public/wp-includes/class-wp-hook.php on line 286
[19-Aug-2019 17:41:30 UTC] PHP Warning:  call_user_func_array() expects parameter 1 to be a valid callback, function 'bkf_config' not found or invalid function name in /app/public/wp-includes/class-wp-hook.php on line 286
[19-Aug-2019 17:41:31 UTC] PHP Warning:  call_user_func_array() expects parameter 1 to be a valid callback, function 'bkf_config' not found or invalid function name in /app/public/wp-includes/class-wp-hook.php on line 286
[19-Aug-2019 17:41:31 UTC] PHP Warning:  call_user_func_array() expects parameter 1 to be a valid callback, function 'bkf_config' not found or invalid function name in /app/public/wp-includes/class-wp-hook.php on line 286
[20-Aug-2019 14:23:10 UTC] PHP Warning:  include(): Filename cannot be empty in /app/public/wp-content/themes/bkf/functions.php on line 32
[20-Aug-2019 14:23:10 UTC] PHP Warning:  include(): Failed opening '' for inclusion (include_path='.:/usr/share/php:/www/wp-content/pear') in /app/public/wp-content/themes/bkf/functions.php on line 32
[21-Aug-2019 14:50:05 UTC] PHP Fatal error:  Uncaught ArgumentCountError: Too few arguments to function insert_nav(), 0 passed in /app/public/wp-content/themes/bkf/single-product.php on line 3 and exactly 1 expected in /app/public/wp-content/themes/bkf/functions.php:31
Stack trace:
#0 /app/public/wp-content/themes/bkf/single-product.php(3): insert_nav()
#1 /app/public/wp-includes/template-loader.php(78): include('/app/public/wp-...')
#2 /app/public/wp-blog-header.php(19): require_once('/app/public/wp-...')
#3 /app/public/index.php(17): require('/app/public/wp-...')
#4 {main}
  thrown in /app/public/wp-content/themes/bkf/functions.php on line 31
[21-Aug-2019 19:27:12 UTC] PHP Fatal error:  Constant expression contains invalid operations in /app/public/wp-content/themes/bkf/functions.php on line 44
[21-Aug-2019 19:28:53 UTC] PHP Fatal error:  Constant expression contains invalid operations in /app/public/wp-content/themes/bkf/functions.php on line 44
[21-Aug-2019 19:28:54 UTC] PHP Fatal error:  Constant expression contains invalid operations in /app/public/wp-content/themes/bkf/functions.php on line 44
[21-Aug-2019 19:28:55 UTC] PHP Fatal error:  Constant expression contains invalid operations in /app/public/wp-content/themes/bkf/functions.php on line 44
[21-Aug-2019 19:28:55 UTC] PHP Fatal error:  Constant expression contains invalid operations in /app/public/wp-content/themes/bkf/functions.php on line 44
[21-Aug-2019 19:28:56 UTC] PHP Fatal error:  Constant expression contains invalid operations in /app/public/wp-content/themes/bkf/functions.php on line 44
[21-Aug-2019 19:28:56 UTC] PHP Fatal error:  Constant expression contains invalid operations in /app/public/wp-content/themes/bkf/functions.php on line 44
[21-Aug-2019 19:29:34 UTC] PHP Parse error:  syntax error, unexpected '}', expecting end of file in /app/public/wp-content/themes/bkf/functions.php on line 65
[21-Aug-2019 19:29:35 UTC] PHP Parse error:  syntax error, unexpected '}', expecting end of file in /app/public/wp-content/themes/bkf/functions.php on line 65
[21-Aug-2019 19:29:51 UTC] PHP Fatal error:  Constant expression contains invalid operations in /app/public/wp-content/themes/bkf/functions.php on line 44
[21-Aug-2019 19:29:53 UTC] PHP Fatal error:  Constant expression contains invalid operations in /app/public/wp-content/themes/bkf/functions.php on line 44
[21-Aug-2019 19:44:11 UTC] PHP Warning:  include(): Filename cannot be empty in /app/public/wp-content/themes/bkf/page-home.php on line 75
[21-Aug-2019 19:44:11 UTC] PHP Warning:  include(): Failed opening '' for inclusion (include_path='.:/usr/share/php:/www/wp-content/pear') in /app/public/wp-content/themes/bkf/page-home.php on line 75
[21-Aug-2019 19:50:10 UTC] PHP Warning:  include(): Filename cannot be empty in /app/public/wp-content/themes/bkf/page-home.php on line 75
[21-Aug-2019 19:50:10 UTC] PHP Warning:  include(): Failed opening '' for inclusion (include_path='.:/usr/share/php:/www/wp-content/pear') in /app/public/wp-content/themes/bkf/page-home.php on line 75
