[19-Aug-2019 17:17:41] NOTICE: fpm is running, pid 16
[19-Aug-2019 17:17:41] NOTICE: ready to handle connections
[19-Aug-2019 21:03:40] NOTICE: Terminating ...
[19-Aug-2019 21:03:40] NOTICE: exiting, bye-bye!
[20-Aug-2019 13:49:24] NOTICE: fpm is running, pid 26
[20-Aug-2019 13:49:24] NOTICE: ready to handle connections
[21-Aug-2019 13:34:02] NOTICE: fpm is running, pid 56
[21-Aug-2019 13:34:02] NOTICE: ready to handle connections
[21-Aug-2019 21:18:36] NOTICE: Terminating ...
[21-Aug-2019 21:18:36] NOTICE: exiting, bye-bye!
[22-Aug-2019 13:21:08] NOTICE: fpm is running, pid 56
[22-Aug-2019 13:21:08] NOTICE: ready to handle connections
[22-Aug-2019 18:33:46] NOTICE: Terminating ...
[22-Aug-2019 18:33:46] NOTICE: exiting, bye-bye!
[03-Sep-2019 17:27:21] NOTICE: fpm is running, pid 26
[03-Sep-2019 17:27:21] NOTICE: ready to handle connections
[03-Sep-2019 21:24:20] NOTICE: Terminating ...
[03-Sep-2019 21:24:20] NOTICE: exiting, bye-bye!
[04-Sep-2019 13:34:04] NOTICE: fpm is running, pid 51
[04-Sep-2019 13:34:04] NOTICE: ready to handle connections
[04-Sep-2019 21:03:54] NOTICE: Terminating ...
[04-Sep-2019 21:03:54] NOTICE: exiting, bye-bye!
[05-Sep-2019 13:26:27] NOTICE: fpm is running, pid 56
[05-Sep-2019 13:26:27] NOTICE: ready to handle connections
[05-Sep-2019 20:54:27] NOTICE: Terminating ...
[05-Sep-2019 20:54:27] NOTICE: exiting, bye-bye!
[06-Sep-2019 13:34:16] NOTICE: fpm is running, pid 51
[06-Sep-2019 13:34:16] NOTICE: ready to handle connections
[09-Sep-2019 13:30:28] NOTICE: fpm is running, pid 52
[09-Sep-2019 13:30:28] NOTICE: ready to handle connections
[09-Sep-2019 20:56:05] NOTICE: Terminating ...
[09-Sep-2019 20:56:05] NOTICE: exiting, bye-bye!
[10-Sep-2019 13:44:35] NOTICE: fpm is running, pid 26
[10-Sep-2019 13:44:35] NOTICE: ready to handle connections
[10-Sep-2019 21:31:54] NOTICE: Terminating ...
[10-Sep-2019 21:31:54] NOTICE: exiting, bye-bye!
[10-Sep-2019 21:32:03] NOTICE: fpm is running, pid 26
[10-Sep-2019 21:32:03] NOTICE: ready to handle connections
[10-Sep-2019 21:36:20] NOTICE: Terminating ...
[10-Sep-2019 21:36:20] NOTICE: exiting, bye-bye!
[11-Sep-2019 13:44:05] NOTICE: fpm is running, pid 26
[11-Sep-2019 13:44:05] NOTICE: ready to handle connections
[12-Sep-2019 13:49:52] NOTICE: fpm is running, pid 26
[12-Sep-2019 13:49:52] NOTICE: ready to handle connections
[12-Sep-2019 21:44:41] NOTICE: Terminating ...
[12-Sep-2019 21:44:41] NOTICE: exiting, bye-bye!
[13-Sep-2019 14:00:37] NOTICE: fpm is running, pid 56
[13-Sep-2019 14:00:37] NOTICE: ready to handle connections
[16-Sep-2019 13:50:47] NOTICE: fpm is running, pid 51
[16-Sep-2019 13:50:47] NOTICE: ready to handle connections
[16-Sep-2019 16:25:33] NOTICE: Terminating ...
[16-Sep-2019 16:25:33] NOTICE: exiting, bye-bye!
[16-Sep-2019 16:40:35] NOTICE: fpm is running, pid 56
[16-Sep-2019 16:40:35] NOTICE: ready to handle connections
[16-Sep-2019 21:02:21] NOTICE: Terminating ...
[16-Sep-2019 21:02:21] NOTICE: exiting, bye-bye!
[17-Sep-2019 13:45:00] NOTICE: fpm is running, pid 57
[17-Sep-2019 13:45:00] NOTICE: ready to handle connections
[18-Sep-2019 13:31:32] NOTICE: fpm is running, pid 56
[18-Sep-2019 13:31:32] NOTICE: ready to handle connections
[18-Sep-2019 19:29:14] NOTICE: Terminating ...
[18-Sep-2019 19:29:14] NOTICE: exiting, bye-bye!
[18-Sep-2019 19:29:20] NOTICE: fpm is running, pid 57
[18-Sep-2019 19:29:20] NOTICE: ready to handle connections
[18-Sep-2019 20:57:28] NOTICE: Terminating ...
[18-Sep-2019 20:57:28] NOTICE: exiting, bye-bye!
[19-Sep-2019 13:48:37] NOTICE: fpm is running, pid 51
[19-Sep-2019 13:48:37] NOTICE: ready to handle connections
[19-Sep-2019 21:09:15] NOTICE: Terminating ...
[19-Sep-2019 21:09:15] NOTICE: exiting, bye-bye!
[20-Sep-2019 13:54:13] NOTICE: fpm is running, pid 57
[20-Sep-2019 13:54:13] NOTICE: ready to handle connections
[20-Sep-2019 20:55:18] NOTICE: Terminating ...
[20-Sep-2019 20:55:18] NOTICE: exiting, bye-bye!
[23-Sep-2019 13:49:30] NOTICE: fpm is running, pid 58
[23-Sep-2019 13:49:30] NOTICE: ready to handle connections
[23-Sep-2019 20:56:49] NOTICE: Terminating ...
[23-Sep-2019 20:56:49] NOTICE: exiting, bye-bye!
[24-Sep-2019 13:47:29] NOTICE: fpm is running, pid 26
[24-Sep-2019 13:47:29] NOTICE: ready to handle connections
[25-Sep-2019 14:21:31] NOTICE: fpm is running, pid 57
[25-Sep-2019 14:21:31] NOTICE: ready to handle connections
[25-Sep-2019 20:25:53] NOTICE: Terminating ...
[25-Sep-2019 20:25:53] NOTICE: exiting, bye-bye!
[26-Sep-2019 14:04:23] NOTICE: fpm is running, pid 56
[26-Sep-2019 14:04:23] NOTICE: ready to handle connections
